Arguments: 
  D:\Programs\nvm\program\node.exe D:\Programs\Yarn\bin\yarn.js add @aeq/client-http-auth

PATH: 
  C:\Program Files (x86)\Intel\Intel(R) Management Engine Components\iCLS\;C:\Program Files\Intel\Intel(R) Management Engine Components\iCLS\;C:\Windows\system32;C:\Windows;C:\Windows\System32\Wbem;C:\Windows\System32\WindowsPowerShell\v1.0\;C:\Windows\System32\OpenSSH\;C:\Program Files\NVIDIA Corporation\NVIDIA NvDLISR;C:\Program Files (x86)\NVIDIA Corporation\PhysX\Common;C:\Program Files (x86)\Intel\Intel(R) Management Engine Components\DAL;C:\Program Files\Intel\Intel(R) Management Engine Components\DAL;C:\Program Files (x86)\Intel\Intel(R) Management Engine Components\IPT;C:\Program Files\Intel\Intel(R) Management Engine Components\IPT;D:\Programs\nvm\config;D:\Programs\nvm\program;D:\Programs\Yarn\bin\;D:\Work\OSPanel\modules\git\bin;D:\Work\OSPanel\modules\php\PHP_7.3-x64;D:\Programs\cygwin64\bin;D:\work\ospanel\userdata\composer;D:\work\ospanel\userdata\composer\vendor\bin;C:\Program Files (x86)\Intel\Intel(R) Management Engine Components\iCLS\;C:\Program Files\Intel\Intel(R) Management Engine Components\iCLS\;C:\Windows\system32;C:\Windows;C:\Windows\System32\Wbem;C:\Windows\System32\WindowsPowerShell\v1.0\;C:\Windows\System32\OpenSSH\;C:\Program Files\NVIDIA Corporation\NVIDIA NvDLISR;C:\Program Files (x86)\NVIDIA Corporation\PhysX\Common;C:\Program Files (x86)\Intel\Intel(R) Management Engine Components\DAL;C:\Program Files\Intel\Intel(R) Management Engine Components\DAL;C:\Program Files (x86)\Intel\Intel(R) Management Engine Components\IPT;C:\Program Files\Intel\Intel(R) Management Engine Components\IPT;D:\Programs\nvm\config;D:\Programs\nvm\program;D:\Programs\Yarn\bin\;D:\Work\OSPanel\modules\git\bin;C:\Users\d3-su\AppData\Local\Microsoft\WindowsApps;D:\Programs\nvm\config;D:\Programs\nvm\program;C:\Users\d3-su\AppData\Local\Yarn\bin;D:\Work\Programs\Android\Sdk\tools;D:\Work\Programs\Android\Sdk\platform-tools;D:\Programs\Microsoft VS Code\bin;D:\work\ospanel\modules\database\MySQL-8.0-x64\bin;

Yarn version: 
  1.17.3

Node version: 
  13.2.0

Platform: 
  win32 x64

Trace: 
  Error: https://registry.yarnpkg.com/@aeq%2fclient-http-auth: Not found
      at Request.params.callback [as _callback] (D:\Programs\Yarn\lib\cli.js:65939:18)
      at Request.self.callback (D:\Programs\Yarn\lib\cli.js:140464:22)
      at Request.emit (events.js:210:5)
      at Request.<anonymous> (D:\Programs\Yarn\lib\cli.js:141436:10)
      at Request.emit (events.js:210:5)
      at IncomingMessage.<anonymous> (D:\Programs\Yarn\lib\cli.js:141358:12)
      at Object.onceWrapper (events.js:299:28)
      at IncomingMessage.emit (events.js:215:7)
      at endReadableNT (_stream_readable.js:1200:12)
      at processTicksAndRejections (internal/process/task_queues.js:80:21)

npm manifest: 
  {
    "name": "@aeq/client-http-auth",
    "version": "0.0.1",
    "description": "Client api http authentification implementation",
    "main": "index.ts",
    "scripts": {
      "test": "echo \"Error: no test specified\" && exit 1"
    },
    "repository": {
      "type": "git",
      "url": "git+https://github.com/aeq-js/client-http-auth.git"
    },
    "author": "D3-FC <d3-fc@mail.ru>",
    "license": "MIT",
    "bugs": {
      "url": "https://github.com/aeq-js/client-http-auth/issues"
    },
    "homepage": "https://github.com/aeq-js/client-http-auth#readme"
  }

yarn manifest: 
  No manifest

Lockfile: 
  # THIS IS AN AUTOGENERATED FILE. DO NOT EDIT THIS FILE DIRECTLY.
  # yarn lockfile v1
